08-23 11:16 - Horário de Início: 23-08-2023 11:16:49
08-23 11:16 - TreinandoInterval.in_1_minute
08-23 11:16 - you are using nologin method, data you access may be limited
08-23 11:18 - 5.12% do intervalo concluido
08-23 11:20 - 10.24% do intervalo concluido
08-23 11:22 - 15.36% do intervalo concluido
08-23 11:24 - 20.48% do intervalo concluido
08-23 11:26 - 25.60% do intervalo concluido
08-23 11:28 - 30.71% do intervalo concluido
08-23 11:30 - 35.83% do intervalo concluido
08-23 11:32 - 40.95% do intervalo concluido
08-23 11:34 - 46.07% do intervalo concluido
08-23 11:36 - 51.19% do intervalo concluido
08-23 11:38 - 56.31% do intervalo concluido
08-23 11:40 - 61.43% do intervalo concluido
08-23 11:43 - 66.55% do intervalo concluido
08-23 11:45 - 71.67% do intervalo concluido
08-23 11:47 - 76.79% do intervalo concluido
08-23 11:50 - 81.90% do intervalo concluido
08-23 11:52 - 87.02% do intervalo concluido
08-23 11:55 - 92.14% do intervalo concluido
08-23 11:57 - 97.26% do intervalo concluido
08-23 11:59 - Interval.in_1_minute Finalizado
08-23 11:59 -                                        Selected_Features   Accuracy  Normalize             Intervalo                                             HyperP
15623  Volume, rsi, ema_5_t, sma_5_t, ema_10_t, sma_1...  58.870000      False  Interval.in_1_minute  {'max_depth': 9, 'max_features': 1, 'min_sampl...
15624  Open, rsi, ema_5_t, sma_5_t, ema_10_t, sma_10_...  58.622791       True  Interval.in_1_minute  {'max_depth': 9, 'max_features': 1, 'min_sampl...
15625  Open, rsi, ema_5_t, sma_5_t, ema_10_t, sma_10_...  59.350000      False  Interval.in_1_minute  {'max_depth': 9, 'max_features': 1, 'min_sampl...
15626  Volume, Open, rsi, ema_5_t, sma_5_t, ema_10_t,...  59.049360       True  Interval.in_1_minute  {'max_depth': 9, 'max_features': 1, 'min_sampl...
15627  Volume, Open, rsi, ema_5_t, sma_5_t, ema_10_t,...  58.930000      False  Interval.in_1_minute  {'max_depth': 9, 'max_features': 1, 'min_sampl...
08-23 11:59 - Intervalo Interval.in_1_minute finalizado
08-23 11:59 - Melhor modelo Salvo
08-23 11:59 - Tempo de execução: 42.29 minutos
08-23 11:59 - Finalizao às:11:59:06
08-23 11:59 - 
08-23 11:59 - TreinandoInterval.in_3_minute
08-23 11:59 - you are using nologin method, data you access may be limited
08-23 12:01 - 5.12% do intervalo concluido
08-23 12:04 - 10.24% do intervalo concluido
08-23 12:07 - 15.36% do intervalo concluido
08-23 12:10 - 20.48% do intervalo concluido
08-23 12:13 - 25.60% do intervalo concluido
08-23 12:16 - 30.71% do intervalo concluido
08-23 12:19 - 35.83% do intervalo concluido
08-23 12:22 - 40.95% do intervalo concluido
08-23 12:25 - 46.07% do intervalo concluido
08-23 12:28 - 51.19% do intervalo concluido
08-23 12:31 - 56.31% do intervalo concluido
08-23 12:34 - 61.43% do intervalo concluido
08-23 12:37 - 66.55% do intervalo concluido
08-23 12:40 - 71.67% do intervalo concluido
08-23 12:43 - 76.79% do intervalo concluido
08-23 12:47 - 81.90% do intervalo concluido
08-23 12:50 - 87.02% do intervalo concluido
08-23 12:54 - 92.14% do intervalo concluido
08-23 12:57 - 97.26% do intervalo concluido
08-23 12:59 - Interval.in_3_minute Finalizado
08-23 12:59 -                                        Selected_Features   Accuracy  Normalize             Intervalo                                             HyperP
31251  Volume, rsi, ema_5_t, sma_5_t, ema_10_t, sma_1...  54.300000      False  Interval.in_3_minute  {'max_depth': 9, 'max_features': 1, 'min_sampl...
31252  Open, rsi, ema_5_t, sma_5_t, ema_10_t, sma_10_...  54.113346       True  Interval.in_3_minute  {'max_depth': 9, 'max_features': 1, 'min_sampl...
31253  Open, rsi, ema_5_t, sma_5_t, ema_10_t, sma_10_...  53.810000      False  Interval.in_3_minute  {'max_depth': 9, 'max_features': 1, 'min_sampl...
31254  Volume, Open, rsi, ema_5_t, sma_5_t, ema_10_t,...  54.661792       True  Interval.in_3_minute  {'max_depth': 9, 'max_features': 1, 'min_sampl...
31255  Volume, Open, rsi, ema_5_t, sma_5_t, ema_10_t,...  53.990000      False  Interval.in_3_minute  {'max_depth': 9, 'max_features': 1, 'min_sampl...
08-23 12:59 - Intervalo Interval.in_3_minute finalizado
08-23 12:59 - Melhor modelo Salvo
08-23 12:59 - Tempo de execução: 60.22 minutos
08-23 12:59 - Finalizao às:12:59:19
08-23 12:59 - 
08-23 12:59 - TreinandoInterval.in_5_minute
08-23 12:59 - you are using nologin method, data you access may be limited
08-23 13:02 - 5.12% do intervalo concluido
08-23 13:06 - 10.24% do intervalo concluido
08-23 13:10 - 15.36% do intervalo concluido
08-23 13:14 - 20.48% do intervalo concluido
08-23 13:17 - 25.60% do intervalo concluido
08-23 13:21 - 30.71% do intervalo concluido
08-23 13:25 - 35.83% do intervalo concluido
08-23 13:29 - 40.95% do intervalo concluido
08-23 13:32 - 46.07% do intervalo concluido
08-23 13:36 - 51.19% do intervalo concluido
08-23 13:40 - 56.31% do intervalo concluido
08-23 13:44 - 61.43% do intervalo concluido
08-23 13:48 - 66.55% do intervalo concluido
08-23 13:53 - 71.67% do intervalo concluido
08-23 13:57 - 76.79% do intervalo concluido
08-23 14:01 - 81.90% do intervalo concluido
08-23 14:05 - 87.02% do intervalo concluido
08-23 14:09 - 92.14% do intervalo concluido
08-23 14:14 - 97.26% do intervalo concluido
08-23 14:16 - Interval.in_5_minute Finalizado
08-23 14:16 -                                        Selected_Features   Accuracy  Normalize             Intervalo                                             HyperP
46879  Volume, rsi, ema_5_t, sma_5_t, ema_10_t, sma_1...  55.580000      False  Interval.in_5_minute  {'max_depth': 9, 'max_features': 1, 'min_sampl...
46880  Open, rsi, ema_5_t, sma_5_t, ema_10_t, sma_10_...  55.453991       True  Interval.in_5_minute  {'max_depth': 9, 'max_features': 1, 'min_sampl...
46881  Open, rsi, ema_5_t, sma_5_t, ema_10_t, sma_10_...  56.610000      False  Interval.in_5_minute  {'max_depth': 9, 'max_features': 1, 'min_sampl...
46882  Volume, Open, rsi, ema_5_t, sma_5_t, ema_10_t,...  55.210238       True  Interval.in_5_minute  {'max_depth': 9, 'max_features': 1, 'min_sampl...
46883  Volume, Open, rsi, ema_5_t, sma_5_t, ema_10_t,...  55.700000      False  Interval.in_5_minute  {'max_depth': 9, 'max_features': 1, 'min_sampl...
08-23 14:16 - Intervalo Interval.in_5_minute finalizado
08-23 14:16 - Melhor modelo Salvo
08-23 14:16 - Tempo de execução: 77.29 minutos
08-23 14:16 - Finalizao às:14:16:36
08-23 14:16 - 
08-23 14:16 - TreinandoInterval.in_15_minute
08-23 14:16 - you are using nologin method, data you access may be limited
08-23 14:21 - 5.12% do intervalo concluido
08-23 14:25 - 10.24% do intervalo concluido
08-23 14:29 - 15.36% do intervalo concluido
08-23 14:34 - 20.48% do intervalo concluido
08-23 14:39 - 25.60% do intervalo concluido
08-23 14:43 - 30.71% do intervalo concluido
08-23 14:48 - 35.83% do intervalo concluido
08-23 14:52 - 40.95% do intervalo concluido
08-23 14:57 - 46.07% do intervalo concluido
08-23 15:02 - 51.19% do intervalo concluido
08-23 15:06 - 56.31% do intervalo concluido
08-23 15:11 - 61.43% do intervalo concluido
08-23 15:16 - 66.55% do intervalo concluido
08-23 15:21 - 71.67% do intervalo concluido
08-23 15:26 - 76.79% do intervalo concluido
08-23 15:31 - 81.90% do intervalo concluido
08-23 15:36 - 87.02% do intervalo concluido
08-23 15:41 - 92.14% do intervalo concluido
08-23 15:46 - 97.26% do intervalo concluido
08-23 15:49 - Interval.in_15_minute Finalizado
08-23 15:49 -                                        Selected_Features   Accuracy  Normalize              Intervalo                                             HyperP
62507  Volume, rsi, ema_5_t, sma_5_t, ema_10_t, sma_1...  51.310000      False  Interval.in_15_minute  {'max_depth': 9, 'max_features': 1, 'min_sampl...
62508  Open, rsi, ema_5_t, sma_5_t, ema_10_t, sma_10_...  52.407069       True  Interval.in_15_minute  {'max_depth': 9, 'max_features': 1, 'min_sampl...
62509  Open, rsi, ema_5_t, sma_5_t, ema_10_t, sma_10_...  53.140000      False  Interval.in_15_minute  {'max_depth': 9, 'max_features': 1, 'min_sampl...
62510  Volume, Open, rsi, ema_5_t, sma_5_t, ema_10_t,...  51.371115       True  Interval.in_15_minute  {'max_depth': 9, 'max_features': 1, 'min_sampl...
62511  Volume, Open, rsi, ema_5_t, sma_5_t, ema_10_t,...  52.830000      False  Interval.in_15_minute  {'max_depth': 9, 'max_features': 1, 'min_sampl...
08-23 15:49 - Intervalo Interval.in_15_minute finalizado
08-23 15:49 - Melhor modelo Salvo
08-23 15:49 - Tempo de execução: 92.74 minutos
08-23 15:49 - Finalizao às:15:49:21
08-23 15:49 - 
08-23 15:49 - TreinandoInterval.in_30_minute
08-23 15:49 - you are using nologin method, data you access may be limited
08-23 15:54 - 5.12% do intervalo concluido
08-23 15:59 - 10.24% do intervalo concluido
08-23 16:05 - 15.36% do intervalo concluido
08-23 16:10 - 20.48% do intervalo concluido
08-23 16:16 - 25.60% do intervalo concluido
08-23 16:21 - 30.71% do intervalo concluido
08-23 16:25 - 35.83% do intervalo concluido
08-23 16:30 - 40.95% do intervalo concluido
08-23 16:35 - 46.07% do intervalo concluido
08-23 16:40 - 51.19% do intervalo concluido
08-23 16:45 - 56.31% do intervalo concluido
08-23 16:50 - 61.43% do intervalo concluido
08-23 16:56 - 66.55% do intervalo concluido
08-23 17:01 - 71.67% do intervalo concluido
08-23 17:07 - 76.79% do intervalo concluido
08-23 17:12 - 81.90% do intervalo concluido
08-23 17:18 - 87.02% do intervalo concluido
08-23 17:24 - 92.14% do intervalo concluido
08-23 17:29 - 97.26% do intervalo concluido
08-23 17:33 - Interval.in_30_minute Finalizado
08-23 17:33 -                                        Selected_Features   Accuracy  Normalize              Intervalo                                             HyperP
78135  Volume, rsi, ema_5_t, sma_5_t, ema_10_t, sma_1...  51.980000      False  Interval.in_30_minute  {'max_depth': 9, 'max_features': 1, 'min_sampl...
78136  Open, rsi, ema_5_t, sma_5_t, ema_10_t, sma_10_...  50.700792       True  Interval.in_30_minute  {'max_depth': 9, 'max_features': 1, 'min_sampl...
78137  Open, rsi, ema_5_t, sma_5_t, ema_10_t, sma_10_...  51.310000      False  Interval.in_30_minute  {'max_depth': 9, 'max_features': 1, 'min_sampl...
78138  Volume, Open, rsi, ema_5_t, sma_5_t, ema_10_t,...  53.382084       True  Interval.in_30_minute  {'max_depth': 9, 'max_features': 1, 'min_sampl...
78139  Volume, Open, rsi, ema_5_t, sma_5_t, ema_10_t,...  50.460000      False  Interval.in_30_minute  {'max_depth': 9, 'max_features': 1, 'min_sampl...
08-23 17:33 - Intervalo Interval.in_30_minute finalizado
08-23 17:33 - Melhor modelo Salvo
08-23 17:33 - Tempo de execução: 103.80 minutos
08-23 17:33 - Finalizao às:17:33:09
08-23 17:33 - 
08-23 17:33 - TreinandoInterval.in_45_minute
08-23 17:33 - you are using nologin method, data you access may be limited
08-23 17:39 - 5.12% do intervalo concluido
08-23 17:45 - 10.24% do intervalo concluido
08-23 17:51 - 15.36% do intervalo concluido
08-23 17:57 - 20.48% do intervalo concluido
08-23 18:03 - 25.60% do intervalo concluido
08-23 18:09 - 30.71% do intervalo concluido
08-23 18:16 - 35.83% do intervalo concluido
08-23 18:24 - 40.95% do intervalo concluido
08-23 18:31 - 46.07% do intervalo concluido
08-23 18:39 - 51.19% do intervalo concluido
08-23 18:48 - 56.31% do intervalo concluido
08-23 18:57 - 61.43% do intervalo concluido
08-23 19:06 - 66.55% do intervalo concluido
08-23 19:14 - 71.67% do intervalo concluido
08-23 19:22 - 76.79% do intervalo concluido
08-23 19:30 - 81.90% do intervalo concluido
08-23 19:39 - 87.02% do intervalo concluido
08-23 19:49 - 92.14% do intervalo concluido
08-23 19:57 - 97.26% do intervalo concluido
08-23 20:02 - Interval.in_45_minute Finalizado
08-23 20:02 -                                        Selected_Features   Accuracy  Normalize              Intervalo                                             HyperP
93763  Volume, rsi, ema_5_t, sma_5_t, ema_10_t, sma_1...  52.350000      False  Interval.in_45_minute  {'max_depth': 9, 'max_features': 1, 'min_sampl...
93764  Open, rsi, ema_5_t, sma_5_t, ema_10_t, sma_10_...  51.919561       True  Interval.in_45_minute  {'max_depth': 9, 'max_features': 1, 'min_sampl...
93765  Open, rsi, ema_5_t, sma_5_t, ema_10_t, sma_10_...  53.020000      False  Interval.in_45_minute  {'max_depth': 9, 'max_features': 1, 'min_sampl...
93766  Volume, Open, rsi, ema_5_t, sma_5_t, ema_10_t,...  52.955515       True  Interval.in_45_minute  {'max_depth': 9, 'max_features': 1, 'min_sampl...
93767  Volume, Open, rsi, ema_5_t, sma_5_t, ema_10_t,...  53.080000      False  Interval.in_45_minute  {'max_depth': 9, 'max_features': 1, 'min_sampl...
08-23 20:02 - Intervalo Interval.in_45_minute finalizado
08-23 20:02 - Melhor modelo Salvo
08-23 20:02 - Tempo de execução: 149.38 minutos
08-23 20:02 - Finalizao às:20:02:32
08-23 20:02 - 
08-23 20:02 - Tempo total de execução: 525.72 minutos
